<?xml version="1.0" encoding="UTF-8"?>
<testsuite xmlns:xsi="http://www.w3.org/2001/XMLSchema-instance" xsi:noNamespaceSchemaLocation="https://maven.apache.org/surefire/maven-surefire-plugin/xsd/surefire-test-report-3.0.xsd" version="3.0" name="com.tcs.vetclinic.UnitTests.PostPersonTests" time="0.131" tests="5" errors="0" skipped="0" failures="0">
  <properties>
[...]
</properties>
  <testcase name="CreatePersonWithNameAndNonUniqueID" classname="com.tcs.vetclinic.UnitTests.PostPersonTests" time="0.032"/>
  <testcase name="createPersonWithoutNameTest" classname="com.tcs.vetclinic.UnitTests.PostPersonTests" time="0.021"/>
  <testcase name="CreatePersonWithoutID" classname="com.tcs.vetclinic.UnitTests.PostPersonTests" time="0.016"/>
  <testcase name="CreatePersonWithIncorrectSmallName" classname="com.tcs.vetclinic.UnitTests.PostPersonTests" time="0.015"/>
  <testcase name="CreatePersonWithIncorrectBigName" classname="com.tcs.vetclinic.UnitTests.PostPersonTests" time="0.008"/>
</testsuite>